<?xml version="1.0" encoding="UTF-8"?>
<!-- Generated by org.testng.reporters.JUnitXMLReporter -->
<testsuite ignored="0" hostname="DESKTOP-3IAGI7O" failures="0" tests="2" name="Reading details from testng file" time="0.097" errors="0" timestamp="2022-01-13T20:27:12 CET">
  <testcase classname="base.BaseTest" name="@BeforeTest launchBrowser" time="-1.64210203256E9">
    <failure type="org.testng.TestNGException" message="
Can inject only one of &amp;lt;ITestContext, XmlTest&amp;gt; into a @BeforeTest annotated launchBrowser.
For more information on native dependency injection please refer to https://testng.org/doc/documentation-main.html#native-dependency-injection">
      <![CDATA[org.testng.TestNGException: 
Can inject only one of <ITestContext, XmlTest> into a @BeforeTest annotated launchBrowser.
For more information on native dependency injection please refer to https://testng.org/doc/documentation-main.html#native-dependency-injection
... Removed 21 stack frames]]>
    </failure>
  </testcase> <!-- @BeforeTest launchBrowser -->
  <testcase classname="base.BaseTest" name="@AfterTest closeBrowser" time="-1.642102032645E9">
    <skipped/>
  </testcase> <!-- @AfterTest closeBrowser -->
  <testcase classname="testcases.LoginTest" name="launchWebapp" time="0.0">
    <skipped/>
  </testcase> <!-- launchWebapp -->
  <testcase classname="testcases.LoginTest" name="signin" time="0.0">
    <skipped/>
  </testcase> <!-- signin -->
</testsuite> <!-- Reading details from testng file -->
